<?xml version="1.0" encoding="UTF-8"?>
<!-- Generated by org.testng.reporters.JUnitXMLReporter -->
<testsuite hostname="LTUS43208" ignored="1" name="NBCAutomation" tests="2" failures="0" timestamp="22 Oct 2017 19:26:57 GMT" time="33.89" errors="0">
  <testcase name="Shows" time="19.69" classname="com.nbcd.Test.TCShowPage"/>
  <testcase name="TwitterTags" time="13.758" classname="com.nbcd.Test.TCShowHomePage_043VerifyTwitterTags"/>
  <testcase name="@AfterTest endReport" time="0.0" classname="com.nbcd.GenericLib.Extent_Reports">
    <ignored/>
  </testcase> <!-- @AfterTest endReport -->
</testsuite> <!-- NBCAutomation -->
