<?xml version="1.0" encoding="UTF-8"?>
<!-- Generated by org.testng.reporters.JUnitXMLReporter -->
<testsuite hostname="LTUS43208" ignored="1" name="NBCAutomation" tests="2" failures="0" timestamp="24 Oct 2017 22:42:48 GMT" time="60.202" errors="0">
  <testcase name="MenuDetails" time="30.523" classname="com.nbcd.Test.TCHomePage"/>
  <testcase name="TwitterTags" time="29.232" classname="com.nbcd.Test.TCShowHomePage_043VerifyTwitterTags"/>
  <testcase name="@AfterTest endReport" time="0.0" classname="com.nbcd.GenericLib.Extent_Reports">
    <ignored/>
  </testcase> <!-- @AfterTest endReport -->
</testsuite> <!-- NBCAutomation -->
