<?xml version="1.0" encoding="UTF-8"?>
<testng-results skipped="0" failed="0" ignored="0" total="1" passed="1">
  <reporter-output>
  </reporter-output>
  <suite name="Suite" duration-ms="33544" started-at="2017-10-23T07:55:00Z" finished-at="2017-10-23T07:55:34Z">
    <groups>
    </groups>
    <test name="NBCAutomation" duration-ms="33544" started-at="2017-10-23T07:55:00Z" finished-at="2017-10-23T07:55:34Z">
      <class name="com.nbcd.TestRunner.TestRunner">
        <test-method status="PASS" signature="tRun()[pri:0, instance:com.nbcd.TestRunner.TestRunner@337d0578]" name="tRun" duration-ms="33511" started-at="2017-10-23T00:55:00Z" finished-at="2017-10-23T00:55:34Z">
          <reporter-output>
          </reporter-output>
        </test-method> <!-- tRun -->
      </class> <!-- com.nbcd.TestRunner.TestRunner -->
    </test> <!-- NBCAutomation -->
  </suite> <!-- Suite -->
</testng-results>
