<?xml version="1.0" encoding="UTF-8"?>
<testng-results skipped="0" failed="0" ignored="1" total="3" passed="2">
  <reporter-output>
  </reporter-output>
  <suite name="NBCAutomation" duration-ms="60202" started-at="2017-10-24T22:41:47Z" finished-at="2017-10-24T22:42:48Z">
    <groups>
      <group name="TCHomePage">
        <method signature="TCHomePage.MenuDetails(java.lang.String)[pri:0, instance:com.nbcd.Test.TCHomePage@3f86674b]" name="MenuDetails" class="com.nbcd.Test.TCHomePage"/>
      </group> <!-- TCHomePage -->
      <group name="TCShowHomePage">
        <method signature="TCShowHomePage_043VerifyTwitterTags.TwitterTags(java.lang.String)[pri:0, instance:com.nbcd.Test.TCShowHomePage_043VerifyTwitterTags@718f2815]" name="TwitterTags" class="com.nbcd.Test.TCShowHomePage_043VerifyTwitterTags"/>
      </group> <!-- TCShowHomePage -->
    </groups>
    <test name="NBCAutomation" duration-ms="60202" started-at="2017-10-24T22:41:47Z" finished-at="2017-10-24T22:42:48Z">
      <class name="com.nbcd.Test.TCShowHomePage_043VerifyTwitterTags">
        <test-method status="PASS" signature="beforeMethod(java.lang.reflect.Method)[pri:0, instance:com.nbcd.Test.TCShowHomePage_043VerifyTwitterTags@718f2815]" name="beforeMethod" is-config="true" duration-ms="0" started-at="2017-10-24T15:42:18Z" finished-at="2017-10-24T15:42:18Z">
          <params>
            <param index="0">
              <value>
                <![CDATA[public void com.nbcd.Test.TCShowHomePage_043VerifyTwitterTags.TwitterTags(java.lang.String) throws java.lang.InterruptedException,com.codoid.products.exception.FilloException,java.io.IOException]]>
              </value>
            </param>
          </params>
          <reporter-output>
          </reporter-output>
        </test-method> <!-- beforeMethod -->
        <test-method status="PASS" signature="TwitterTags(java.lang.String)[pri:0, instance:com.nbcd.Test.TCShowHomePage_043VerifyTwitterTags@718f2815]" name="TwitterTags" duration-ms="29232" started-at="2017-10-24T15:42:18Z" finished-at="2017-10-24T15:42:47Z">
          <params>
            <param index="0">
              <value>
                <![CDATA[Chrome]]>
              </value>
            </param>
          </params>
          <reporter-output>
          </reporter-output>
        </test-method> <!-- TwitterTags -->
        <test-method status="PASS" signature="afterMethod(org.testng.ITestResult)[pri:0, instance:com.nbcd.Test.TCShowHomePage_043VerifyTwitterTags@718f2815]" name="afterMethod" is-config="true" duration-ms="0" started-at="2017-10-24T15:42:47Z" finished-at="2017-10-24T15:42:47Z">
          <params>
            <param index="0">
              <value>
                <![CDATA[[TestResult name=TwitterTags status=SUCCESS method=TCShowHomePage_043VerifyTwitterTags.TwitterTags(java.lang.String)[pri:0, instance:com.nbcd.Test.TCShowHomePage_043VerifyTwitterTags@718f2815] output={null}]]]>
              </value>
            </param>
          </params>
          <reporter-output>
          </reporter-output>
        </test-method> <!-- afterMethod -->
      </class> <!-- com.nbcd.Test.TCShowHomePage_043VerifyTwitterTags -->
      <class name="com.nbcd.Test.TCHomePage">
        <test-method status="PASS" signature="beforeMethod(java.lang.reflect.Method)[pri:0, instance:com.nbcd.Test.TCHomePage@3f86674b]" name="beforeMethod" is-config="true" duration-ms="7" started-at="2017-10-24T15:41:47Z" finished-at="2017-10-24T15:41:47Z">
          <params>
            <param index="0">
              <value>
                <![CDATA[public void com.nbcd.Test.TCHomePage.MenuDetails(java.lang.String) throws java.lang.InterruptedException,com.codoid.products.exception.FilloException,java.io.IOException]]>
              </value>
            </param>
          </params>
          <reporter-output>
          </reporter-output>
        </test-method> <!-- beforeMethod -->
        <test-method status="PASS" signature="MenuDetails(java.lang.String)[pri:0, instance:com.nbcd.Test.TCHomePage@3f86674b]" name="MenuDetails" duration-ms="30523" started-at="2017-10-24T15:41:47Z" finished-at="2017-10-24T15:42:18Z">
          <params>
            <param index="0">
              <value>
                <![CDATA[Chrome]]>
              </value>
            </param>
          </params>
          <reporter-output>
          </reporter-output>
        </test-method> <!-- MenuDetails -->
        <test-method status="PASS" signature="afterMethod(org.testng.ITestResult)[pri:0, instance:com.nbcd.Test.TCHomePage@3f86674b]" name="afterMethod" is-config="true" duration-ms="1" started-at="2017-10-24T15:42:18Z" finished-at="2017-10-24T15:42:18Z">
          <params>
            <param index="0">
              <value>
                <![CDATA[[TestResult name=MenuDetails status=SUCCESS method=TCHomePage.MenuDetails(java.lang.String)[pri:0, instance:com.nbcd.Test.TCHomePage@3f86674b] output={null}]]]>
              </value>
            </param>
          </params>
          <reporter-output>
          </reporter-output>
        </test-method> <!-- afterMethod -->
        <test-method status="PASS" signature="endReport()[pri:0, instance:com.nbcd.Test.TCHomePage@3f86674b]" name="endReport" is-config="true" duration-ms="430" started-at="2017-10-24T15:42:47Z" finished-at="2017-10-24T15:42:48Z">
          <reporter-output>
          </reporter-output>
        </test-method> <!-- endReport -->
      </class> <!-- com.nbcd.Test.TCHomePage -->
    </test> <!-- NBCAutomation -->
  </suite> <!-- NBCAutomation -->
</testng-results>
