<?xml version="1.0" encoding="UTF-8"?>
<!-- Generated by org.testng.reporters.JUnitXMLReporter -->
<testsuite hostname="LTUS43208" ignored="1" name="NBCAutomation" tests="2" failures="0" timestamp="23 Oct 2017 00:37:24 GMT" time="34.435" errors="0">
  <testcase name="Shows" time="17.838" classname="com.nbcd.Test.TCShowPage"/>
  <testcase name="TwitterTags" time="16.211" classname="com.nbcd.Test.TCShowHomePage_043VerifyTwitterTags"/>
  <testcase name="@AfterTest endReport" time="0.0" classname="com.nbcd.GenericLib.Extent_Reports">
    <ignored/>
  </testcase> <!-- @AfterTest endReport -->
</testsuite> <!-- NBCAutomation -->
